<?xml version="1.0" encoding="UTF-8"?>
<testsuite xmlns:xsi="http://www.w3.org/2001/XMLSchema-instance" xsi:noNamespaceSchemaLocation="https://maven.apache.org/surefire/maven-surefire-plugin/xsd/surefire-test-report.xsd" name="org.selenide.example.Tests.AppTest" time="29.759" tests="3" errors="0" skipped="0" failures="1">
  <properties>
    <property name="java.runtime.name" value="Java(TM) SE Runtime Environment"/>
    <property name="sun.boot.library.path" value="/Library/Java/JavaVirtualMachines/jdk1.8.0_131.jdk/Contents/Home/jre/lib"/>
    <property name="java.vm.version" value="25.131-b11"/>
    <property name="user.country.format" value="UA"/>
    <property name="gopherProxySet" value="false"/>
    <property name="java.vm.vendor" value="Oracle Corporation"/>
    <property name="maven.multiModuleProjectDirectory" value="/Users/Brazzard/Documents/QA/Selenide/google-test"/>
    <property name="java.vendor.url" value="http://java.oracle.com/"/>
    <property name="path.separator" value=":"/>
    <property name="guice.disable.misplaced.annotation.check" value="true"/>
    <property name="java.vm.name" value="Java HotSpot(TM) 64-Bit Server VM"/>
    <property name="file.encoding.pkg" value="sun.io"/>
    <property name="user.country" value="US"/>
    <property name="sun.java.launcher" value="SUN_STANDARD"/>
    <property name="sun.os.patch.level" value="unknown"/>
    <property name="java.vm.specification.name" value="Java Virtual Machine Specification"/>
    <property name="user.dir" value="/Users/Brazzard/Documents/QA/Selenide/google-test"/>
    <property name="java.runtime.version" value="1.8.0_131-b11"/>
    <property name="java.awt.graphicsenv" value="sun.awt.CGraphicsEnvironment"/>
    <property name="java.endorsed.dirs" value="/Library/Java/JavaVirtualMachines/jdk1.8.0_131.jdk/Contents/Home/jre/lib/endorsed"/>
    <property name="os.arch" value="x86_64"/>
    <property name="java.io.tmpdir" value="/var/folders/fx/ww6djqjx6gl6x_zb15mcx4n80000gn/T/"/>
    <property name="line.separator" value="&#10;"/>
    <property name="java.vm.specification.vendor" value="Oracle Corporation"/>
    <property name="os.name" value="Mac OS X"/>
    <property name="classworlds.conf" value="/usr/local/Cellar/maven/3.5.2/libexec/bin/m2.conf"/>
    <property name="sun.jnu.encoding" value="UTF-8"/>
    <property name="java.library.path" value="/Users/Brazzard/Library/Java/Extensions:/Library/Java/Extensions:/Network/Library/Java/Extensions:/System/Library/Java/Extensions:/usr/lib/java:."/>
    <property name="maven.conf" value="/usr/local/Cellar/maven/3.5.2/libexec/conf"/>
    <property name="java.specification.name" value="Java Platform API Specification"/>
    <property name="java.class.version" value="52.0"/>
    <property name="sun.management.compiler" value="HotSpot 64-Bit Tiered Compilers"/>
    <property name="os.version" value="10.13.2"/>
    <property name="library.jansi.path" value="/usr/local/Cellar/maven/3.5.2/libexec/lib/jansi-native"/>
    <property name="user.home" value="/Users/Brazzard"/>
    <property name="user.timezone" value="Europe/Kiev"/>
    <property name="java.awt.printerjob" value="sun.lwawt.macosx.CPrinterJob"/>
    <property name="java.specification.version" value="1.8"/>
    <property name="file.encoding" value="UTF-8"/>
    <property name="user.name" value="Brazzard"/>
    <property name="java.class.path" value="/usr/local/Cellar/maven/3.5.2/libexec/boot/plexus-classworlds-2.5.2.jar"/>
    <property name="java.vm.specification.version" value="1.8"/>
    <property name="sun.arch.data.model" value="64"/>
    <property name="java.home" value="/Library/Java/JavaVirtualMachines/jdk1.8.0_131.jdk/Contents/Home/jre"/>
    <property name="sun.java.command" value="org.codehaus.plexus.classworlds.launcher.Launcher test"/>
    <property name="java.specification.vendor" value="Oracle Corporation"/>
    <property name="user.language" value="en"/>
    <property name="awt.toolkit" value="sun.lwawt.macosx.LWCToolkit"/>
    <property name="java.vm.info" value="mixed mode"/>
    <property name="java.version" value="1.8.0_131"/>
    <property name="java.ext.dirs" value="/Users/Brazzard/Library/Java/Extensions:/Library/Java/JavaVirtualMachines/jdk1.8.0_131.jdk/Contents/Home/jre/lib/ext:/Library/Java/Extensions:/Network/Library/Java/Extensions:/System/Library/Java/Extensions:/usr/lib/java"/>
    <property name="sun.boot.class.path" value="/Library/Java/JavaVirtualMachines/jdk1.8.0_131.jdk/Contents/Home/jre/lib/resources.jar:/Library/Java/JavaVirtualMachines/jdk1.8.0_131.jdk/Contents/Home/jre/lib/rt.jar:/Library/Java/JavaVirtualMachines/jdk1.8.0_131.jdk/Contents/Home/jre/lib/sunrsasign.jar:/Library/Java/JavaVirtualMachines/jdk1.8.0_131.jdk/Contents/Home/jre/lib/jsse.jar:/Library/Java/JavaVirtualMachines/jdk1.8.0_131.jdk/Contents/Home/jre/lib/jce.jar:/Library/Java/JavaVirtualMachines/jdk1.8.0_131.jdk/Contents/Home/jre/lib/charsets.jar:/Library/Java/JavaVirtualMachines/jdk1.8.0_131.jdk/Contents/Home/jre/lib/jfr.jar:/Library/Java/JavaVirtualMachines/jdk1.8.0_131.jdk/Contents/Home/jre/classes"/>
    <property name="java.vendor" value="Oracle Corporation"/>
    <property name="maven.home" value="/usr/local/Cellar/maven/3.5.2/libexec"/>
    <property name="file.separator" value="/"/>
    <property name="java.vendor.url.bug" value="http://bugreport.sun.com/bugreport/"/>
    <property name="sun.cpu.endian" value="little"/>
    <property name="sun.io.unicode.encoding" value="UnicodeBig"/>
    <property name="sun.cpu.isalist" value=""/>
  </properties>
  <testcase name="testApp" classname="org.selenide.example.Tests.AppTest" time="0.117"/>
  <testcase name="testFirstLink" classname="org.selenide.example.Tests.AppTest" time="15.354"/>
  <testcase name="testSearchResult" classname="org.selenide.example.Tests.AppTest" time="13.982">
    <failure type="java.lang.AssertionError">java.lang.AssertionError
	at org.selenide.example.Tests.AppTest.testSearchResult(AppTest.java:45)
</failure>
    <system-err><![CDATA[1516897756793	Marionette	DEBUG	Received DOM event "beforeunload" for "https://en.wikipedia.org/wiki/Automation"
1516897756957	Marionette	DEBUG	Received DOM event "pagehide" for "https://en.wikipedia.org/wiki/Automation"
1516897756958	Marionette	DEBUG	Received DOM event "unload" for "https://en.wikipedia.org/wiki/Automation"
1516897757183	Marionette	DEBUG	Received DOM event "DOMContentLoaded" for "https://www.google.com.ua/?gfe_rd=cr&dcr=0&ei=3AVqWvCMM5OlX_nLmtAM"
1516897757618	Marionette	DEBUG	Received DOM event "pageshow" for "https://www.google.com.ua/?gfe_rd=cr&dcr=0&ei=3AVqWvCMM5OlX_nLmtAM"
1516897761487	Marionette	DEBUG	Received DOM event "beforeunload" for "https://www.google.com.ua/search?dcr=0&source=hp&ei=3AVqWua1NYyksgHLzaLYDg&q=automation&oq=automation&gs_l=psy-ab.3..0l10.519.543.0.965.10.2.0.0.0.0.347.471.0j1j0j1.2.0....0...1c.1.64.psy-ab..8.2.464...0i131k1.0.AEUUIGvAriw"
1516897761617	Marionette	DEBUG	Received DOM event "pagehide" for "https://www.google.com.ua/search?dcr=0&source=hp&ei=3AVqWua1NYyksgHLzaLYDg&q=automation&oq=automation&gs_l=psy-ab.3..0l10.519.543.0.965.10.2.0.0.0.0.347.471.0j1j0j1.2.0....0...1c.1.64.psy-ab..8.2.464...0i131k1.0.AEUUIGvAriw"
1516897761618	Marionette	DEBUG	Received DOM event "unload" for "https://www.google.com.ua/search?dcr=0&source=hp&ei=3AVqWua1NYyksgHLzaLYDg&q=automation&oq=automation&gs_l=psy-ab.3..0l10.519.543.0.965.10.2.0.0.0.0.347.471.0j1j0j1.2.0....0...1c.1.64.psy-ab..8.2.464...0i131k1.0.AEUUIGvAriw"
1516897762272	Marionette	DEBUG	Received DOM event "DOMContentLoaded" for "https://www.google.com.ua/search?q=automation&dcr=0&ei=3gVqWsaGGIWusQGZm4_IAg&start=10&sa=N&biw=1680&bih=883"
1516897763615	Marionette	DEBUG	Received DOM event "pageshow" for "https://www.google.com.ua/search?q=automation&dcr=0&ei=3gVqWsaGGIWusQGZm4_IAg&start=10&sa=N&biw=1680&bih=883"
1516897764148	Marionette	DEBUG	Received DOM event "beforeunload" for "https://www.google.com.ua/search?q=automation&dcr=0&ei=3gVqWsaGGIWusQGZm4_IAg&start=10&sa=N&biw=1680&bih=883"
1516897764271	Marionette	DEBUG	Received DOM event "pagehide" for "https://www.google.com.ua/search?q=automation&dcr=0&ei=3gVqWsaGGIWusQGZm4_IAg&start=10&sa=N&biw=1680&bih=883"
1516897764280	Marionette	DEBUG	Received DOM event "unload" for "https://www.google.com.ua/search?q=automation&dcr=0&ei=3gVqWsaGGIWusQGZm4_IAg&start=10&sa=N&biw=1680&bih=883"
1516897764903	Marionette	DEBUG	Received DOM event "DOMContentLoaded" for "https://www.google.com.ua/search?q=automation&dcr=0&ei=4QVqWtqUIISTmgWNiozoBA&start=20&sa=N&biw=1680&bih=883"
1516897765276	Marionette	DEBUG	Received DOM event "pageshow" for "https://www.google.com.ua/search?q=automation&dcr=0&ei=4QVqWtqUIISTmgWNiozoBA&start=20&sa=N&biw=1680&bih=883"
1516897765736	Marionette	DEBUG	Received DOM event "beforeunload" for "https://www.google.com.ua/search?q=automation&dcr=0&ei=4QVqWtqUIISTmgWNiozoBA&start=20&sa=N&biw=1680&bih=883"
1516897765880	Marionette	DEBUG	Received DOM event "pagehide" for "https://www.google.com.ua/search?q=automation&dcr=0&ei=4QVqWtqUIISTmgWNiozoBA&start=20&sa=N&biw=1680&bih=883"
1516897765885	Marionette	DEBUG	Received DOM event "unload" for "https://www.google.com.ua/search?q=automation&dcr=0&ei=4QVqWtqUIISTmgWNiozoBA&start=20&sa=N&biw=1680&bih=883"
1516897766371	Marionette	DEBUG	Received DOM event "DOMContentLoaded" for "https://www.google.com.ua/search?q=automation&dcr=0&ei=5AVqWoOnC8GrsAHjwaXABg&start=30&sa=N&biw=1680&bih=883"
1516897766787	Marionette	DEBUG	Received DOM event "pageshow" for "https://www.google.com.ua/search?q=automation&dcr=0&ei=5AVqWoOnC8GrsAHjwaXABg&start=30&sa=N&biw=1680&bih=883"
1516897767236	Marionette	DEBUG	Received DOM event "beforeunload" for "https://www.google.com.ua/search?q=automation&dcr=0&ei=5AVqWoOnC8GrsAHjwaXABg&start=30&sa=N&biw=1680&bih=883"
1516897767502	Marionette	DEBUG	Received DOM event "pagehide" for "https://www.google.com.ua/search?q=automation&dcr=0&ei=5AVqWoOnC8GrsAHjwaXABg&start=30&sa=N&biw=1680&bih=883"
1516897767503	Marionette	DEBUG	Received DOM event "unload" for "https://www.google.com.ua/search?q=automation&dcr=0&ei=5AVqWoOnC8GrsAHjwaXABg&start=30&sa=N&biw=1680&bih=883"
1516897768122	Marionette	DEBUG	Received DOM event "DOMContentLoaded" for "https://www.google.com.ua/search?q=automation&dcr=0&ei=5QVqWsafL8i2sQGQ8yE&start=40&sa=N&biw=1680&bih=883"
1516897768457	Marionette	DEBUG	Received DOM event "pageshow" for "https://www.google.com.ua/search?q=automation&dcr=0&ei=5QVqWsafL8i2sQGQ8yE&start=40&sa=N&biw=1680&bih=883"
1516897769133	Marionette	DEBUG	Received DOM event "beforeunload" for "https://www.google.com.ua/search?q=automation&dcr=0&ei=5QVqWsafL8i2sQGQ8yE&start=40&sa=N&biw=1680&bih=883"
1516897769278	Marionette	DEBUG	Received DOM event "pagehide" for "https://www.google.com.ua/search?q=automation&dcr=0&ei=5QVqWsafL8i2sQGQ8yE&start=40&sa=N&biw=1680&bih=883"
1516897769284	Marionette	DEBUG	Received DOM event "unload" for "https://www.google.com.ua/search?q=automation&dcr=0&ei=5QVqWsafL8i2sQGQ8yE&start=40&sa=N&biw=1680&bih=883"
1516897769826	Marionette	DEBUG	Received DOM event "DOMContentLoaded" for "https://www.google.com.ua/search?q=automation&dcr=0&ei=5wVqWqXOEMylsgHmiJCYCw&start=50&sa=N&biw=1680&bih=883"
1516897770657	Marionette	DEBUG	Received DOM event "pageshow" for "https://www.google.com.ua/search?q=automation&dcr=0&ei=5wVqWqXOEMylsgHmiJCYCw&start=50&sa=N&biw=1680&bih=883"
]]></system-err>
  </testcase>
</testsuite>